<?xml version="1.0" encoding="UTF-8"?>
<!-- Generated by org.testng.reporters.JUnitReportReporter -->
<testsuite hostname="DESKTOP-U5SUVO0" failures="0" tests="1" name="Util.LoginPage_Test" time="31.304" errors="0" timestamp="2024-03-14T16:23:04 IST" skipped="0">
  <testcase classname="Util.LoginPage_Test" name="loginMethod" time="31.304"/>
</testsuite> <!-- Util.LoginPage_Test -->
