<?xml version="1.0" encoding="UTF-8"?>
<!-- Generated by org.testng.reporters.JUnitReportReporter -->
<testsuite hostname="DESKTOP-U5SUVO0" failures="0" tests="1" name="Util.ClickOnLoginButton_Test" time="22.093" errors="0" timestamp="2024-03-13T21:55:24 IST" skipped="0">
  <testcase classname="Util.ClickOnLoginButton_Test" name="clickonLoginButton" time="22.093"/>
</testsuite> <!-- Util.ClickOnLoginButton_Test -->
