<?xml version="1.0" encoding="UTF-8"?>
<!-- Generated by org.testng.reporters.JUnitReportReporter -->
<testsuite hostname="DESKTOP-U5SUVO0" failures="0" tests="1" name="Util.homePage_Test" time="22.898" errors="0" timestamp="2024-03-13T22:15:20 IST" skipped="0">
  <testcase classname="Util.homePage_Test" name="clickonLoginButton" time="22.898"/>
</testsuite> <!-- Util.homePage_Test -->
