<?xml version="1.0" encoding="UTF-8"?>
<!-- Generated by org.testng.reporters.JUnitReportReporter -->
<testsuite hostname="DESKTOP-U5SUVO0" failures="0" tests="2" name="Util.CartIsEmpltyOrNot_Test" time="52.361" errors="0" timestamp="2024-03-14T15:36:36 IST" skipped="0">
  <testcase classname="Util.CartIsEmpltyOrNot_Test" name="loginMethod" time="47.129"/>
  <testcase classname="Util.CartIsEmpltyOrNot_Test" name="checkCartIsEmptyOrNot" time="5.232"/>
</testsuite> <!-- Util.CartIsEmpltyOrNot_Test -->
