<?xml version="1.0" encoding="UTF-8"?>
<!-- Generated by org.testng.reporters.JUnitReportReporter -->
<testsuite hostname="DESKTOP-U5SUVO0" failures="0" tests="2" name="Util.AddProductToTheCart_Test" time="36.645" errors="0" timestamp="2024-03-14T17:42:02 IST" skipped="0">
  <testcase classname="Util.AddProductToTheCart_Test" name="addProductToTheCart" time="7.678"/>
  <testcase classname="Util.AddProductToTheCart_Test" name="loginMethod" time="28.967"/>
</testsuite> <!-- Util.AddProductToTheCart_Test -->
